Arguments: 
  /opt/nodejs/bin/node /opt/nodejs/bin/yarn

PATH: 
  /usr/local/bin:/usr/bin:/bin:/usr/local/games:/usr/games:/sbin:/usr/sbin:/opt/nodejs/bin:/opt/mongodb/bin

Yarn version: 
  1.19.0

Node version: 
  10.16.3

Platform: 
  linux x64

Trace: 
  Error: https://registry.npm.taobao.org/antd/download/antd-3.26.2.tgz: ESOCKETTIMEDOUT
      at ClientRequest.<anonymous> (/opt/nodejs/lib/node_modules/yarn/lib/cli.js:141166:19)
      at Object.onceWrapper (events.js:286:20)
      at ClientRequest.emit (events.js:198:13)
      at TLSSocket.emitRequestTimeout (_http_client.js:662:40)
      at Object.onceWrapper (events.js:286:20)
      at TLSSocket.emit (events.js:198:13)
      at TLSSocket.Socket._onTimeout (net.js:442:8)
      at ontimeout (timers.js:436:11)
      at tryOnTimeout (timers.js:300:5)
      at listOnTimeout (timers.js:263:5)

npm manifest: 
  {
    "name": "barrage-system-app",
    "version": "1.0.0",
    "description": "",
    "main": "index.js",
    "scripts": {
      "start": "webpack-dev-server --config ./webpack/webpack.dev.js --color",
      "build": "webpack --config ./webpack/webpack.prod.js",
      "eslint": "eslint --ext .js,jsx src",
      "test": "echo \"Error: no test specified\" && exit 1"
    },
    "keywords": [],
    "author": "",
    "license": "ISC",
    "dependencies": {
      "antd": "^3.26.2",
      "prop-types": "^15.7.2",
      "react": "^16.12.0",
      "react-dom": "^16.12.0",
      "react-hot-loader": "^4.12.18",
      "react-loadable": "^5.5.0",
      "react-router-dom": "^5.1.2"
    },
    "devDependencies": {
      "@babel/core": "^7.7.5",
      "@babel/plugin-transform-runtime": "^7.7.6",
      "@babel/preset-env": "^7.7.6",
      "@babel/preset-react": "^7.7.4",
      "@hot-loader/react-dom": "^16.11.0",
      "autoprefixer": "^9.7.3",
      "babel-eslint": "^10.0.3",
      "babel-loader": "^8.0.6",
      "babel-plugin-import": "^1.13.0",
      "clean-webpack-plugin": "^3.0.0",
      "copy-webpack-plugin": "^5.1.0",
      "css-loader": "^3.3.0",
      "eslint": "^6.7.2",
      "eslint-config-airbnb": "^18.0.1",
      "eslint-loader": "^3.0.3",
      "eslint-plugin-import": "^2.19.1",
      "eslint-plugin-jsx-a11y": "^6.2.3",
      "eslint-plugin-react": "^7.17.0",
      "file-loader": "^5.0.2",
      "html-webpack-plugin": "^3.2.0",
      "mini-css-extract-plugin": "^0.8.0",
      "node-sass": "^4.13.0",
      "postcss-loader": "^3.0.0",
      "sass-loader": "^8.0.0",
      "sass-resources-loader": "^2.0.1",
      "style-loader": "^1.0.1",
      "url-loader": "^3.0.0",
      "webpack": "^4.41.2",
      "webpack-cli": "^3.3.10",
      "webpack-dev-server": "^3.9.0",
      "webpack-merge": "^4.2.2"
    }
  }

yarn manifest: 
  No manifest

Lockfile: 
  No lockfile
